                                 Started job on |	Jan 04 13:51:17
                             Started mapping on |	Jan 04 13:51:19
                                    Finished on |	Jan 04 13:52:01
       Mapping speed, Million of reads per hour |	15.85

                          Number of input reads |	184877
                      Average input read length |	27
                                    UNIQUE READS:
                   Uniquely mapped reads number |	5881
                        Uniquely mapped reads % |	3.18%
                          Average mapped length |	25.18
                       Number of splices: Total |	0
            Number of splices: Annotated (sjdb) |	0
                       Number of splices: GT/AG |	0
                       Number of splices: GC/AG |	0
                       Number of splices: AT/AC |	0
               Number of splices: Non-canonical |	0
                      Mismatch rate per base, % |	2.36%
                         Deletion rate per base |	0.01%
                        Deletion average length |	1.00
                        Insertion rate per base |	0.00%
                       Insertion average length |	1.00
                             MULTI-MAPPING READS:
        Number of reads mapped to multiple loci |	8431
             % of reads mapped to multiple loci |	4.56%
        Number of reads mapped to too many loci |	1426
             % of reads mapped to too many loci |	0.77%
                                  UNMAPPED READS:
  Number of reads unmapped: too many mismatches |	0
       % of reads unmapped: too many mismatches |	0.00%
            Number of reads unmapped: too short |	121543
                 % of reads unmapped: too short |	65.74%
                Number of reads unmapped: other |	47596
                     % of reads unmapped: other |	25.74%
                                  CHIMERIC READS:
                       Number of chimeric reads |	0
                            % of chimeric reads |	0.00%
