----- Date pipeline run: dom 04 ene 2026 13:40:25 CET -----
Summary for sample C57BL_6NJ...
Cutadapt information: 
Reads with adapters:                   198,349 (99.2%)
Total basepairs processed:    10,000,000 bp
STAR information: 
                        Uniquely mapped reads % |	3.18%
             % of reads mapped to multiple loci |	4.56%
             % of reads mapped to too many loci |	0.77%
-------------------------------
Summary for sample SPRET_EiJ...
Cutadapt information: 
Reads with adapters:                   198,838 (99.4%)
Total basepairs processed:    10,000,000 bp
STAR information: 
                        Uniquely mapped reads % |	2.89%
             % of reads mapped to multiple loci |	4.21%
             % of reads mapped to too many loci |	1.15%
-------------------------------
Date pipeline run: dom 04 ene 2026 13:45:00 CET
Summary for sample C57BL_6NJ
Cutadapt information: 
Reads with adapters:                   198,349 (99.2%)
Total basepairs processed:    10,000,000 bp
STAR information: 
                        Uniquely mapped reads % |	3.18%
             % of reads mapped to multiple loci |	4.56%
             % of reads mapped to too many loci |	0.77%
-------------------------------------------------------------
Summary for sample SPRET_EiJ
Cutadapt information: 
Reads with adapters:                   198,838 (99.4%)
Total basepairs processed:    10,000,000 bp
STAR information: 
                        Uniquely mapped reads % |	2.89%
             % of reads mapped to multiple loci |	4.21%
             % of reads mapped to too many loci |	1.15%
-------------------------------------------------------------
Date pipeline run: dom 04 ene 2026 13:48:33 CET
Summary for sample C57BL_6NJ
Cutadapt information: 
Reads with adapters:                   198,349 (99.2%)
Total basepairs processed:    10,000,000 bp
STAR information: 
                        Uniquely mapped reads % |	3.18%
             % of reads mapped to multiple loci |	4.56%
             % of reads mapped to too many loci |	0.77%
Summary for sample SPRET_EiJ
Cutadapt information: 
Reads with adapters:                   198,838 (99.4%)
Total basepairs processed:    10,000,000 bp
STAR information: 
                        Uniquely mapped reads % |	2.89%
             % of reads mapped to multiple loci |	4.21%
             % of reads mapped to too many loci |	1.15%
-------------------------------------------------------------
Date pipeline run: dom 04 ene 2026 13:52:51 CET

Summary for sample C57BL_6NJ
Cutadapt information: 
Reads with adapters:                   198,349 (99.2%)
Total basepairs processed:    10,000,000 bp

STAR information: 
                        Uniquely mapped reads % |	3.18%
             % of reads mapped to multiple loci |	4.56%
             % of reads mapped to too many loci |	0.77%

Summary for sample SPRET_EiJ
Cutadapt information: 
Reads with adapters:                   198,838 (99.4%)
Total basepairs processed:    10,000,000 bp

STAR information: 
                        Uniquely mapped reads % |	2.89%
             % of reads mapped to multiple loci |	4.21%
             % of reads mapped to too many loci |	1.15%

-------------------------------------------------------------

