This is cutadapt 2.6 with Python 3.7.12
Command line parameters: -m 18 -a TGGAATTCTCGGGTGCCAAGG --discard-untrimmed -o out/trimmed/C57BL_6NJ.trimmed.fastq.gz out/merged/C57BL_6NJ.fastq.gz
Processing reads on 1 core in single-end mode ...
Finished in 2.34 s (12 us/read; 5.13 M reads/minute).

=== Summary ===

Total reads processed:                 200,000
Reads with adapters:                   198,349 (99.2%)
Reads that were too short:              13,472 (6.7%)
Reads written (passing filters):       184,877 (92.4%)

Total basepairs processed:    10,000,000 bp
Total written (filtered):      5,029,304 bp (50.3%)

=== Adapter 1 ===

Sequence: TGGAATTCTCGGGTGCCAAGG; Type: regular 3'; Length: 21; Trimmed: 198349 times.

No. of allowed errors:
0-9 bp: 0; 10-19 bp: 1; 20-21 bp: 2

Bases preceding removed adapters:
  A: 21.0%
  C: 29.8%
  G: 14.8%
  T: 34.3%
  none/other: 0.0%

Overview of removed sequences
length	count	expect	max.err	error counts
3	47	3125.0	0	47
4	38	781.2	0	38
5	38	195.3	0	38
6	45	48.8	0	45
7	79	12.2	0	79
8	66	3.1	0	66
9	118	0.8	0	117 1
10	133	0.2	1	131 2
11	268	0.0	1	265 3
12	383	0.0	1	362 21
13	597	0.0	1	561 36
14	790	0.0	1	772 18
15	515	0.0	1	509 6
16	601	0.0	1	592 9
17	1340	0.0	1	1270 70
18	1921	0.0	1	1821 98 2
19	4805	0.0	1	4688 115 2
20	11726	0.0	2	11406 302 18
21	22670	0.0	2	21942 693 35
22	35575	0.0	2	34478 1029 68
23	43704	0.0	2	42270 1323 111
24	28933	0.0	2	27978 902 53
25	9372	0.0	2	9029 322 21
26	7436	0.0	2	6767 641 28
27	4072	0.0	2	3731 319 22
28	2713	0.0	2	2594 112 7
29	1830	0.0	2	1774 52 4
30	1087	0.0	2	1044 38 5
31	1287	0.0	2	1200 81 6
32	2688	0.0	2	2528 154 6
33	2914	0.0	2	2838 74 2
34	3222	0.0	2	3110 97 15
35	3380	0.0	2	3262 110 8
36	1044	0.0	2	1008 34 2
37	1146	0.0	2	1091 46 9
38	261	0.0	2	250 10 1
39	118	0.0	2	112 5 1
40	250	0.0	2	234 14 2
41	111	0.0	2	99 11 1
42	76	0.0	2	74 1 1
43	216	0.0	2	210 6
44	56	0.0	2	55 0 1
45	52	0.0	2	49 3
46	45	0.0	2	40 4 1
47	71	0.0	2	65 6
48	392	0.0	2	370 21 1
49	14	0.0	2	13 1
50	104	0.0	2	95 9
